This is METAFONT, Version 2.7182 (Web2C 7.3.1) (base=mf 2001.3.27)  27 NOV 2001 18:18
**arrersxvXX2Oc.gif q4sq310.gif figs/
(arrersxvXX2Oc.gif
! Text line contains an invalid character.
l.1 GIF89a&^^B
              ^^90^^A÷^^@^^@^^@^^@^^@ffflllnnnqqqrrrssstttvvvwww^^?^^?^^?^^8...

? q
OK, entering batchmode...
! Text line contains an invalid character.
l.1 GIF89a&^^B^^90
                  ^^A÷^^@^^@^^@^^@^^@ffflllnnnqqqrrrssstttvvvwww^^?^^?^^?^^8...
A funny symbol that I can't read has just been input.
Continue, and I'll forget that it ever happened.

! Text line contains an invalid character.
l.1 GIF89a&^^B^^90^^A
                     ÷^^@^^@^^@^^@^^@ffflllnnnqqqrrrssstttvvvwww^^?^^?^^?^^8...
A funny symbol that I can't read has just been input.
Continue, and I'll forget that it ever happened.

! Text line contains an invalid character.
l.1 GIF89a&^^B^^90^^A÷
                      ^^@^^@^^@^^@^^@ffflllnnnqqqrrrssstttvvvwww^^?^^?^^?^^8...
A funny symbol that I can't read has just been input.
Continue, and I'll forget that it ever happened.

! Text line contains an invalid character.
l.1 GIF89a&^^B^^90^^A÷^^@
                         ^^@^^@^^@^^@ffflllnnnqqqrrrssstttvvvwww^^?^^?^^?^^8...
A funny symbol that I can't read has just been input.
Continue, and I'll forget that it ever happened.

! Text line contains an invalid character.
l.1 GIF89a&^^B^^90^^A÷^^@^^@
                            ^^@^^@^^@ffflllnnnqqqrrrssstttvvvwww^^?^^?^^?^^8...
A funny symbol that I can't read has just been input.
Continue, and I'll forget that it ever happened.

! Text line contains an invalid character.
l.1 GIF89a&^^B^^90^^A÷^^@^^@^^@
                               ^^@^^@ffflllnnnqqqrrrssstttvvvwww^^?^^?^^?^^8...
A funny symbol that I can't read has just been input.
Continue, and I'll forget that it ever happened.

! Text line contains an invalid character.
l.1 GIF89a&^^B^^90^^A÷^^@^^@^^@^^@
                                  ^^@ffflllnnnqqqrrrssstttvvvwww^^?^^?^^?^^8...
A funny symbol that I can't read has just been input.
Continue, and I'll forget that it ever happened.

! Text line contains an invalid character.
l.1 GIF89a&^^B^^90^^A÷^^@^^@^^@^^@^^@
                                     ffflllnnnqqqrrrssstttvvvwww^^?^^?^^?^^8...
A funny symbol that I can't read has just been input.
Continue, and I'll forget that it ever happened.

! Text line contains an invalid character.
l.1 ...@^^@^^@^^@^^@ffflllnnnqqqrrrssstttvvvwww^^?
                                                  ^^?^^?^^84^^84^^84^^88^^88...
A funny symbol that I can't read has just been input.
Continue, and I'll forget that it ever happened.

! Text line contains an invalid character.
l.1 ...@^^@^^@^^@ffflllnnnqqqrrrssstttvvvwww^^?^^?
                                                  ^^?^^84^^84^^84^^88^^88^^8...
A funny symbol that I can't read has just been input.
Continue, and I'll forget that it ever happened.

! Text line contains an invalid character.
l.1 ...@^^@^^@ffflllnnnqqqrrrssstttvvvwww^^?^^?^^?
                                                  ^^84^^84^^84^^88^^88^^88^^...
A funny symbol that I can't read has just been input.
Continue, and I'll forget that it ever happened.

! Text line contains an invalid character.
l.1 ...^^@ffflllnnnqqqrrrssstttvvvwww^^?^^?^^?^^84
                                                  ^^84^^84^^88^^88^^88^^89^^...
A funny symbol that I can't read has just been input.
Continue, and I'll forget that it ever happened.

! Text line contains an invalid character.
l.1 ...fflllnnnqqqrrrssstttvvvwww^^?^^?^^?^^84^^84
                                                  ^^84^^88^^88^^88^^89^^89^^...
A funny symbol that I can't read has just been input.
Continue, and I'll forget that it ever happened.

! Text line contains an invalid character.
l.1 ...lnnnqqqrrrssstttvvvwww^^?^^?^^?^^84^^84^^84
                                                  ^^88^^88^^88^^89^^89^^89^^...
A funny symbol that I can't read has just been input.
Continue, and I'll forget that it ever happened.

! Text line contains an invalid character.
l.1 ...qqqrrrssstttvvvwww^^?^^?^^?^^84^^84^^84^^88
                                                  ^^88^^88^^89^^89^^89^^8c^^...
A funny symbol that I can't read has just been input.
Continue, and I'll forget that it ever happened.

! Text line contains an invalid character.
l.1 ...rrssstttvvvwww^^?^^?^^?^^84^^84^^84^^88^^88
                                                  ^^88^^89^^89^^89^^8c^^8c^^...
A funny symbol that I can't read has just been input.
Continue, and I'll forget that it ever happened.

! Text line contains an invalid character.
l.1 ...stttvvvwww^^?^^?^^?^^84^^84^^84^^88^^88^^88
                                                  ^^89^^89^^89^^8c^^8c^^8c^^...
A funny symbol that I can't read has just been input.
Continue, and I'll forget that it ever happened.

! Text line contains an invalid character.
l.1 ...vvvwww^^?^^?^^?^^84^^84^^84^^88^^88^^88^^89
                                                  ^^89^^89^^8c^^8c^^8c^^8e^^...
A funny symbol that I can't read has just been input.
Continue, and I'll forget that it ever happened.

! Text line contains an invalid character.
l.1 ...ww^^?^^?^^?^^84^^84^^84^^88^^88^^88^^89^^89
                                                  ^^89^^8c^^8c^^8c^^8e^^8e^^...
A funny symbol that I can't read has just been input.
Continue, and I'll forget that it ever happened.

! Text line contains an invalid character.
l.1 ...?^^?^^?^^84^^84^^84^^88^^88^^88^^89^^89^^89
                                                  ^^8c^^8c^^8c^^8e^^8e^^8e^^...
A funny symbol that I can't read has just been input.
Continue, and I'll forget that it ever happened.

! Text line contains an invalid character.
l.1 ...^^?^^84^^84^^84^^88^^88^^88^^89^^89^^89^^8c
                                                  ^^8c^^8c^^8e^^8e^^8e^^9f^^...
A funny symbol that I can't read has just been input.
Continue, and I'll forget that it ever happened.

! Text line contains an invalid character.
l.1 ...^84^^84^^84^^88^^88^^88^^89^^89^^89^^8c^^8c
                                                  ^^8c^^8e^^8e^^8e^^9f^^9f^^...
A funny symbol that I can't read has just been input.
Continue, and I'll forget that it ever happened.

! Text line contains an invalid character.
l.1 ...^84^^84^^88^^88^^88^^89^^89^^89^^8c^^8c^^8c
                                                  ^^8e^^8e^^8e^^9f^^9f^^9f££...
A funny symbol that I can't read has just been input.
Continue, and I'll forget that it ever happened.

! Text line contains an invalid character.
l.1 ...^84^^88^^88^^88^^89^^89^^89^^8c^^8c^^8c^^8e
                                                  ^^8e^^8e^^9f^^9f^^9f£££°°°...
A funny symbol that I can't read has just been input.
Continue, and I'll forget that it ever happened.

! Text line contains an invalid character.
l.1 ...^88^^88^^88^^89^^89^^89^^8c^^8c^^8c^^8e^^8e
                                                  ^^8e^^9f^^9f^^9f£££°°°µµµ»...
A funny symbol that I can't read has just been input.
Continue, and I'll forget that it ever happened.

! Text line contains an invalid character.
l.1 ...^88^^88^^89^^89^^89^^8c^^8c^^8c^^8e^^8e^^8e
                                                  ^^9f^^9f^^9f£££°°°µµµ»»»ÂÂ...
A funny symbol that I can't read has just been input.
Continue, and I'll forget that it ever happened.

! Text line contains an invalid character.
l.1 ...^88^^89^^89^^89^^8c^^8c^^8c^^8e^^8e^^8e^^9f
                                                  ^^9f^^9f£££°°°µµµ»»»ÂÂÂÿÿÿ...
A funny symbol that I can't read has just been input.
Continue, and I'll forget that it ever happened.

! Text line contains an invalid character.
l.1 ...^89^^89^^89^^8c^^8c^^8c^^8e^^8e^^8e^^9f^^9f
                                                  ^^9f£££°°°µµµ»»»ÂÂÂÿÿÿ^^83...
A funny symbol that I can't read has just been input.
Continue, and I'll forget that it ever happened.

! Text line contains an invalid character.
l.1 ...^89^^89^^8c^^8c^^8c^^8e^^8e^^8e^^9f^^9f^^9f
                                                  £££°°°µµµ»»»ÂÂÂÿÿÿ^^83^^83...
A funny symbol that I can't read has just been input.
Continue, and I'll forget that it ever happened.

! Text line contains an invalid character.
l.1 ...89^^89^^8c^^8c^^8c^^8e^^8e^^8e^^9f^^9f^^9f£
                                                  ££°°°µµµ»»»ÂÂÂÿÿÿ^^83^^83^...
A funny symbol that I can't read has just been input.
Continue, and I'll forget that it ever happened.

! Text line contains an invalid character.
l.1 ...9^^89^^8c^^8c^^8c^^8e^^8e^^8e^^9f^^9f^^9f££
                                                  £°°°µµµ»»»ÂÂÂÿÿÿ^^83^^83^^...
A funny symbol that I can't read has just been input.
Continue, and I'll forget that it ever happened.

! Text line contains an invalid character.
l.1 ...^^89^^8c^^8c^^8c^^8e^^8e^^8e^^9f^^9f^^9f£££
                                                  °°°µµµ»»»ÂÂÂÿÿÿ^^83^^83^^8...
A funny symbol that I can't read has just been input.
Continue, and I'll forget that it ever happened.

! Text line contains an invalid character.
l.1 ...^89^^8c^^8c^^8c^^8e^^8e^^8e^^9f^^9f^^9f£££°
                                                  °°µµµ»»»ÂÂÂÿÿÿ^^83^^83^^83...
A funny symbol that I can't read has just been input.
Continue, and I'll forget that it ever happened.

! Text line contains an invalid character.
l.1 ...89^^8c^^8c^^8c^^8e^^8e^^8e^^9f^^9f^^9f£££°°
                                                  °µµµ»»»ÂÂÂÿÿÿ^^83^^83^^83Ï...
A funny symbol that I can't read has just been input.
Continue, and I'll forget that it ever happened.

! Text line contains an invalid character.
l.1 ...9^^8c^^8c^^8c^^8e^^8e^^8e^^9f^^9f^^9f£££°°°
                                                  µµµ»»»ÂÂÂÿÿÿ^^83^^83^^83ÏÏ...
A funny symbol that I can't read has just been input.
Continue, and I'll forget that it ever happened.

! Text line contains an invalid character.
l.1 ...^^8c^^8c^^8c^^8e^^8e^^8e^^9f^^9f^^9f£££°°°µ
                                                  µµ»»»ÂÂÂÿÿÿ^^83^^83^^83ÏÏÏ...
A funny symbol that I can't read has just been input.
Continue, and I'll forget that it ever happened.

! Text line contains an invalid character.
l.1 ...^8c^^8c^^8c^^8e^^8e^^8e^^9f^^9f^^9f£££°°°µµ
                                                  µ»»»ÂÂÂÿÿÿ^^83^^83^^83ÏÏÏW...
A funny symbol that I can't read has just been input.
Continue, and I'll forget that it ever happened.

! Text line contains an invalid character.
l.1 ...8c^^8c^^8c^^8e^^8e^^8e^^9f^^9f^^9f£££°°°µµµ
                                                  »»»ÂÂÂÿÿÿ^^83^^83^^83ÏÏÏWW...
A funny symbol that I can't read has just been input.
Continue, and I'll forget that it ever happened.

! Text line contains an invalid character.
l.1 ...c^^8c^^8c^^8e^^8e^^8e^^9f^^9f^^9f£££°°°µµµ»
                                                  »»ÂÂÂÿÿÿ^^83^^83^^83ÏÏÏWWW...
A funny symbol that I can't read has just been input.
Continue, and I'll forget that it ever happened.

! Text line contains an invalid character.
l.1 ...^^8c^^8c^^8e^^8e^^8e^^9f^^9f^^9f£££°°°µµµ»»
                                                  »ÂÂÂÿÿÿ^^83^^83^^83ÏÏÏWWW^...
A funny symbol that I can't read has just been input.
Continue, and I'll forget that it ever happened.

! Text line contains an invalid character.
l.1 ...^8c^^8c^^8e^^8e^^8e^^9f^^9f^^9f£££°°°µµµ»»»
                                                  ÂÂÂÿÿÿ^^83^^83^^83ÏÏÏWWW^^...
A funny symbol that I can't read has just been input.
Continue, and I'll forget that it ever happened.

! Text line contains an invalid character.
l.1 ...8c^^8c^^8e^^8e^^8e^^9f^^9f^^9f£££°°°µµµ»»»Â
                                                  ÂÂÿÿÿ^^83^^83^^83ÏÏÏWWW^^8...
A funny symbol that I can't read has just been input.
Continue, and I'll forget that it ever happened.

! Text line contains an invalid character.
l.1 ...c^^8c^^8e^^8e^^8e^^9f^^9f^^9f£££°°°µµµ»»»ÂÂ
                                                  Âÿÿÿ^^83^^83^^83ÏÏÏWWW^^87...
A funny symbol that I can't read has just been input.
Continue, and I'll forget that it ever happened.

! Text line contains an invalid character.
l.1 ...^^8c^^8e^^8e^^8e^^9f^^9f^^9f£££°°°µµµ»»»ÂÂÂ
                                                  ÿÿÿ^^83^^83^^83ÏÏÏWWW^^87^...
A funny symbol that I can't read has just been input.
Continue, and I'll forget that it ever happened.

! Text line contains an invalid character.
l.1 ...^8c^^8e^^8e^^8e^^9f^^9f^^9f£££°°°µµµ»»»ÂÂÂÿ
                                                  ÿÿ^^83^^83^^83ÏÏÏWWW^^87^^...
A funny symbol that I can't read has just been input.
Continue, and I'll forget that it ever happened.

! Text line contains an invalid character.
l.1 ...8c^^8e^^8e^^8e^^9f^^9f^^9f£££°°°µµµ»»»ÂÂÂÿÿ
                                                  ÿ^^83^^83^^83ÏÏÏWWW^^87^^8...
A funny symbol that I can't read has just been input.
Continue, and I'll forget that it ever happened.

! Text line contains an invalid character.
l.1 ...c^^8e^^8e^^8e^^9f^^9f^^9f£££°°°µµµ»»»ÂÂÂÿÿÿ
                                                  ^^83^^83^^83ÏÏÏWWW^^87^^87...
A funny symbol that I can't read has just been input.
Continue, and I'll forget that it ever happened.

! Text line contains an invalid character.
l.1 ...e^^8e^^8e^^9f^^9f^^9f£££°°°µµµ»»»ÂÂÂÿÿÿ^^83
                                                  ^^83^^83ÏÏÏWWW^^87^^87^^87...
A funny symbol that I can't read has just been input.
Continue, and I'll forget that it ever happened.

! Text line contains an invalid character.
l.1 ...e^^8e^^9f^^9f^^9f£££°°°µµµ»»»ÂÂÂÿÿÿ^^83^^83
                                                  ^^83ÏÏÏWWW^^87^^87^^87ÃÃÃ@...
A funny symbol that I can't read has just been input.
Continue, and I'll forget that it ever happened.

! Text line contains an invalid character.
l.1 ...e^^9f^^9f^^9f£££°°°µµµ»»»ÂÂÂÿÿÿ^^83^^83^^83
                                                  ÏÏÏWWW^^87^^87^^87ÃÃÃ@@@||...
A funny symbol that I can't read has just been input.
Continue, and I'll forget that it ever happened.

! Text line contains an invalid character.
l.1 ...^^9f^^9f^^9f£££°°°µµµ»»»ÂÂÂÿÿÿ^^83^^83^^83Ï
                                                  ÏÏWWW^^87^^87^^87ÃÃÃ@@@|||...
A funny symbol that I can't read has just been input.
Continue, and I'll forget that it ever happened.

! Text line contains an invalid character.
l.1 ...^9f^^9f^^9f£££°°°µµµ»»»ÂÂÂÿÿÿ^^83^^83^^83ÏÏ
                                                  ÏWWW^^87^^87^^87ÃÃÃ@@@|||^...
A funny symbol that I can't read has just been input.
Continue, and I'll forget that it ever happened.

! Text line contains an invalid character.
l.1 ...9f^^9f^^9f£££°°°µµµ»»»ÂÂÂÿÿÿ^^83^^83^^83ÏÏÏ
                                                  WWW^^87^^87^^87ÃÃÃ@@@|||^^...
A funny symbol that I can't read has just been input.
Continue, and I'll forget that it ever happened.

! Text line contains an invalid character.
l.1 ...^9f£££°°°µµµ»»»ÂÂÂÿÿÿ^^83^^83^^83ÏÏÏWWW^^87
                                                  ^^87^^87ÃÃÃ@@@|||^^92^^92^...
A funny symbol that I can't read has just been input.
Continue, and I'll forget that it ever happened.

! Text line contains an invalid character.
l.1 ...££°°°µµµ»»»ÂÂÂÿÿÿ^^83^^83^^83ÏÏÏWWW^^87^^87
                                                  ^^87ÃÃÃ@@@|||^^92^^92^^92^...
A funny symbol that I can't read has just been input.
Continue, and I'll forget that it ever happened.

! Text line contains an invalid character.
l.1 ...°µµµ»»»ÂÂÂÿÿÿ^^83^^83^^83ÏÏÏWWW^^87^^87^^87
                                                  ÃÃÃ@@@|||^^92^^92^^92^^94^...
A funny symbol that I can't read has just been input.
Continue, and I'll forget that it ever happened.

! Text line contains an invalid character.
l.1 ...µµµ»»»ÂÂÂÿÿÿ^^83^^83^^83ÏÏÏWWW^^87^^87^^87Ã
                                                  ÃÃ@@@|||^^92^^92^^92^^94^^...
A funny symbol that I can't read has just been input.
Continue, and I'll forget that it ever happened.

! Text line contains an invalid character.
l.1 ...µµ»»»ÂÂÂÿÿÿ^^83^^83^^83ÏÏÏWWW^^87^^87^^87ÃÃ
                                                  Ã@@@|||^^92^^92^^92^^94^^9...
A funny symbol that I can't read has just been input.
Continue, and I'll forget that it ever happened.

! Text line contains an invalid character.
l.1 ...µ»»»ÂÂÂÿÿÿ^^83^^83^^83ÏÏÏWWW^^87^^87^^87ÃÃÃ
                                                  @@@|||^^92^^92^^92^^94^^94...
A funny symbol that I can't read has just been input.
Continue, and I'll forget that it ever happened.

! Text line contains an invalid character.
l.1 ...^^83^^83^^83ÏÏÏWWW^^87^^87^^87ÃÃÃ@@@|||^^92
                                                  ^^92^^92^^94^^94^^94¢¢¢¹¹¹...
A funny symbol that I can't read has just been input.
Continue, and I'll forget that it ever happened.

! Text line contains an invalid character.
l.1 ...^^83^^83ÏÏÏWWW^^87^^87^^87ÃÃÃ@@@|||^^92^^92
                                                  ^^92^^94^^94^^94¢¢¢¹¹¹(((D...
A funny symbol that I can't read has just been input.
Continue, and I'll forget that it ever happened.

! Text line contains an invalid character.
l.1 ...^^83ÏÏÏWWW^^87^^87^^87ÃÃÃ@@@|||^^92^^92^^92
                                                  ^^94^^94^^94¢¢¢¹¹¹(((DDDPP...
A funny symbol that I can't read has just been input.
Continue, and I'll forget that it ever happened.

! Text line contains an invalid character.
l.1 ...ÏÏÏWWW^^87^^87^^87ÃÃÃ@@@|||^^92^^92^^92^^94
                                                  ^^94^^94¢¢¢¹¹¹(((DDDPPPYYY...
A funny symbol that I can't read has just been input.
Continue, and I'll forget that it ever happened.

! Text line contains an invalid character.
l.1 ...WW^^87^^87^^87ÃÃÃ@@@|||^^92^^92^^92^^94^^94
                                                  ^^94¢¢¢¹¹¹(((DDDPPPYYY[[[i...
A funny symbol that I can't read has just been input.
Continue, and I'll forget that it ever happened.

! Text line contains an invalid character.
l.1 ...87^^87^^87ÃÃÃ@@@|||^^92^^92^^92^^94^^94^^94
                                                  ¢¢¢¹¹¹(((DDDPPPYYY[[[iiijj...
A funny symbol that I can't read has just been input.
Continue, and I'll forget that it ever happened.

! Text line contains an invalid character.
l.1 ...7^^87^^87ÃÃÃ@@@|||^^92^^92^^92^^94^^94^^94¢
                                                  ¢¢¹¹¹(((DDDPPPYYY[[[iiijjj...
A funny symbol that I can't read has just been input.
Continue, and I'll forget that it ever happened.

! Text line contains an invalid character.
l.1 ...^^87^^87ÃÃÃ@@@|||^^92^^92^^92^^94^^94^^94¢¢
                                                  ¢¹¹¹(((DDDPPPYYY[[[iiijjju...
A funny symbol that I can't read has just been input.
Continue, and I'll forget that it ever happened.

! Text line contains an invalid character.
l.1 ...^87^^87ÃÃÃ@@@|||^^92^^92^^92^^94^^94^^94¢¢¢
                                                  ¹¹¹(((DDDPPPYYY[[[iiijjjuu...
A funny symbol that I can't read has just been input.
Continue, and I'll forget that it ever happened.

! Text line contains an invalid character.
l.1 ...87^^87ÃÃÃ@@@|||^^92^^92^^92^^94^^94^^94¢¢¢¹
                                                  ¹¹(((DDDPPPYYY[[[iiijjjuuu...
A funny symbol that I can't read has just been input.
Continue, and I'll forget that it ever happened.

! Text line contains an invalid character.
l.1 ...7^^87ÃÃÃ@@@|||^^92^^92^^92^^94^^94^^94¢¢¢¹¹
                                                  ¹(((DDDPPPYYY[[[iiijjjuuuy...
A funny symbol that I can't read has just been input.
Continue, and I'll forget that it ever happened.

! Text line contains an invalid character.
l.1 ...^^87ÃÃÃ@@@|||^^92^^92^^92^^94^^94^^94¢¢¢¹¹¹
                                                  (((DDDPPPYYY[[[iiijjjuuuyy...
A funny symbol that I can't read has just been input.
Continue, and I'll forget that it ever happened.

>> GIF89a
>> ffflllnnnqqqrrrssstttvvvwww.WWW@@@|||
! Not implemented: (unknown numeric)&(unknown numeric).
<to be read again> 
                   (
l.1 ...^87ÃÃÃ@@@|||^^92^^92^^92^^94^^94^^94¢¢¢¹¹¹(
                                                  ((DDDPPPYYY[[[iiijjjuuuyyy...
I'm afraid I don't know how to apply that operation to that
combination of types. Continue, and I'll return the second
argument (see above) as the result of the operation.

>> ffflllnnnqqqrrrssstttvvvwww.WWW@@@|||
! Isolated expression.
<to be read again> 
                   (
l.1 ...^87ÃÃÃ@@@|||^^92^^92^^92^^94^^94^^94¢¢¢¹¹¹(
                                                  ((DDDPPPYYY[[[iiijjjuuuyyy...
I couldn't find an `=' or `:=' after the
expression that is shown above this error message,
so I guess I'll just ignore it and carry on.

! Extra tokens will be flushed.
<to be read again> 
                   (
l.1 ...^87ÃÃÃ@@@|||^^92^^92^^92^^94^^94^^94¢¢¢¹¹¹(
                                                  ((DDDPPPYYY[[[iiijjjuuuyyy...
I've just read as much of that statement as I could fathom,
so a semicolon should have been next. It's very puzzling...
but I'll try to get myself back together, by ignoring
everything up to the next `;'. Please insert a semicolon
now in front of anything that you don't want me to delete.
(See Chapter 27 of The METAFONTbook for an example.)

! Text line contains an invalid character.
l.1 ...¢¢¢¹¹¹(((DDDPPPYYY[[[iiijjjuuuyyy{{{}}}^^85
                                                  ^^85^^85^^8a^^8a^^8a^^8b^^...
A funny symbol that I can't read has just been input.
Continue, and I'll forget that it ever happened.

! Text line contains an invalid character.
l.1 ...¹¹(((DDDPPPYYY[[[iiijjjuuuyyy{{{}}}^^85^^85
                                                  ^^85^^8a^^8a^^8a^^8b^^8b^^...
A funny symbol that I can't read has just been input.
Continue, and I'll forget that it ever happened.

! Text line contains an invalid character.
l.1 ...(DDDPPPYYY[[[iiijjjuuuyyy{{{}}}^^85^^85^^85
                                                  ^^8a^^8a^^8a^^8b^^8b^^8b^^...
A funny symbol that I can't read has just been input.
Continue, and I'll forget that it ever happened.

! Text line contains an invalid character.
l.1 ...PPPYYY[[[iiijjjuuuyyy{{{}}}^^85^^85^^85^^8a
                                                  ^^8a^^8a^^8b^^8b^^8b^^90^^...
A funny symbol that I can't read has just been input.
Continue, and I'll forget that it ever happened.

! Text line contains an invalid character.
l.1 ...YY[[[iiijjjuuuyyy{{{}}}^^85^^85^^85^^8a^^8a
                                                  ^^8a^^8b^^8b^^8b^^90^^90^^...
A funny symbol that I can't read has just been input.
Continue, and I'll forget that it ever happened.

! Text line contains an invalid character.
l.1 ...[iiijjjuuuyyy{{{}}}^^85^^85^^85^^8a^^8a^^8a
                                                  ^^8b^^8b^^8b^^90^^90^^90^^...
A funny symbol that I can't read has just been input.
Continue, and I'll forget that it ever happened.

! Text line contains an invalid character.
l.1 ...jjjuuuyyy{{{}}}^^85^^85^^85^^8a^^8a^^8a^^8b
                                                  ^^8b^^8b^^90^^90^^90^^91^^...
A funny symbol that I can't read has just been input.
Continue, and I'll forget that it ever happened.

! Text line contains an invalid character.
l.1 ...uuyyy{{{}}}^^85^^85^^85^^8a^^8a^^8a^^8b^^8b
                                                  ^^8b^^90^^90^^90^^91^^91^^...
A funny symbol that I can't read has just been input.
Continue, and I'll forget that it ever happened.

! Text line contains an invalid character.
l.1 ...y{{{}}}^^85^^85^^85^^8a^^8a^^8a^^8b^^8b^^8b
                                                  ^^90^^90^^90^^91^^91^^91^^...
A funny symbol that I can't read has just been input.
Continue, and I'll forget that it ever happened.

! Text line contains an invalid character.
l.1 ...}}}^^85^^85^^85^^8a^^8a^^8a^^8b^^8b^^8b^^90
                                                  ^^90^^90^^91^^91^^91^^98^^...
A funny symbol that I can't read has just been input.
Continue, and I'll forget that it ever happened.

! Text line contains an invalid character.
l.1 ...^85^^85^^85^^8a^^8a^^8a^^8b^^8b^^8b^^90^^90
                                                  ^^90^^91^^91^^91^^98^^98^^...
A funny symbol that I can't read has just been input.
Continue, and I'll forget that it ever happened.

! Text line contains an invalid character.
l.1 ...^85^^85^^8a^^8a^^8a^^8b^^8b^^8b^^90^^90^^90
                                                  ^^91^^91^^91^^98^^98^^98^^...
A funny symbol that I can't read has just been input.
Continue, and I'll forget that it ever happened.

! Text line contains an invalid character.
l.1 ...^85^^8a^^8a^^8a^^8b^^8b^^8b^^90^^90^^90^^91
                                                  ^^91^^91^^98^^98^^98^^99^^...
A funny symbol that I can't read has just been input.
Continue, and I'll forget that it ever happened.

! Text line contains an invalid character.
l.1 ...^8a^^8a^^8a^^8b^^8b^^8b^^90^^90^^90^^91^^91
                                                  ^^91^^98^^98^^98^^99^^99^^...
A funny symbol that I can't read has just been input.
Continue, and I'll forget that it ever happened.

! Text line contains an invalid character.
l.1 ...^8a^^8a^^8b^^8b^^8b^^90^^90^^90^^91^^91^^91
                                                  ^^98^^98^^98^^99^^99^^99^^...
A funny symbol that I can't read has just been input.
Continue, and I'll forget that it ever happened.

! Text line contains an invalid character.
l.1 ...^8a^^8b^^8b^^8b^^90^^90^^90^^91^^91^^91^^98
                                                  ^^98^^98^^99^^99^^99^^9b^^...
A funny symbol that I can't read has just been input.
Continue, and I'll forget that it ever happened.

! Text line contains an invalid character.
l.1 ...^8b^^8b^^8b^^90^^90^^90^^91^^91^^91^^98^^98
                                                  ^^98^^99^^99^^99^^9b^^9b^^...
A funny symbol that I can't read has just been input.
Continue, and I'll forget that it ever happened.

! Text line contains an invalid character.
l.1 ...^8b^^8b^^90^^90^^90^^91^^91^^91^^98^^98^^98
                                                  ^^99^^99^^99^^9b^^9b^^9b^^...
A funny symbol that I can't read has just been input.
Continue, and I'll forget that it ever happened.

! Text line contains an invalid character.
l.1 ...^8b^^90^^90^^90^^91^^91^^91^^98^^98^^98^^99
                                                  ^^99^^99^^9b^^9b^^9b^^9d^^...
A funny symbol that I can't read has just been input.
Continue, and I'll forget that it ever happened.

! Text line contains an invalid character.
l.1 ...^90^^90^^90^^91^^91^^91^^98^^98^^98^^99^^99
                                                  ^^99^^9b^^9b^^9b^^9d^^9d^^...
A funny symbol that I can't read has just been input.
Continue, and I'll forget that it ever happened.

! Text line contains an invalid character.
l.1 ...^90^^90^^91^^91^^91^^98^^98^^98^^99^^99^^99
                                                  ^^9b^^9b^^9b^^9d^^9d^^9d§§...
A funny symbol that I can't read has just been input.
Continue, and I'll forget that it ever happened.

! Text line contains an invalid character.
l.1 ...^90^^91^^91^^91^^98^^98^^98^^99^^99^^99^^9b
                                                  ^^9b^^9b^^9d^^9d^^9d§§§²²²...
A funny symbol that I can't read has just been input.
Continue, and I'll forget that it ever happened.

! Text line contains an invalid character.
l.1 ...^91^^91^^91^^98^^98^^98^^99^^99^^99^^9b^^9b
                                                  ^^9b^^9d^^9d^^9d§§§²²²³³³¶...
A funny symbol that I can't read has just been input.
Continue, and I'll forget that it ever happened.

! Text line contains an invalid character.
l.1 ...^91^^91^^98^^98^^98^^99^^99^^99^^9b^^9b^^9b
                                                  ^^9d^^9d^^9d§§§²²²³³³¶¶¶ÄÄ...
A funny symbol that I can't read has just been input.
Continue, and I'll forget that it ever happened.

! Text line contains an invalid character.
l.1 ...^91^^98^^98^^98^^99^^99^^99^^9b^^9b^^9b^^9d
                                                  ^^9d^^9d§§§²²²³³³¶¶¶ÄÄÄËËË...
A funny symbol that I can't read has just been input.
Continue, and I'll forget that it ever happened.

! Text line contains an invalid character.
l.1 ...^98^^98^^98^^99^^99^^99^^9b^^9b^^9b^^9d^^9d
                                                  ^^9d§§§²²²³³³¶¶¶ÄÄÄËËËÌÌÌÑ...
(That makes 100 errors; please try again.)
